<?xml version="1.0" encoding="UTF-8"?>
<!-- Generated by org.testng.reporters.JUnitReportReporter -->
<testsuite skipped="0" hostname="DESKTOP-VE108RU" name="test.computer.BuyingStandardComputerTest" tests="3" failures="0" timestamp="2022-09-24T18:14:32 ICT" time="145.697" errors="0">
  <testcase name="testStandardComputerBuying" time="89.426" classname="test.computer.BuyingStandardComputerTest"/>
  <system-out/>
  <testcase name="testStandardComputerBuying" time="28.419" classname="test.computer.BuyingStandardComputerTest"/>
  <system-out/>
  <testcase name="testStandardComputerBuying" time="27.852" classname="test.computer.BuyingStandardComputerTest"/>
  <system-out/>
</testsuite> <!-- test.computer.BuyingStandardComputerTest -->
