<?xml version="1.0" encoding="UTF-8"?>
<!-- Generated by org.testng.reporters.JUnitReportReporter -->
<testsuite skipped="0" hostname="DESKTOP-VE108RU" name="test.computer.BuyingCheapComputerTest" tests="3" failures="0" timestamp="2022-09-24T18:14:32 ICT" time="148.428" errors="0">
  <testcase name="testCheapComputerBuying" time="28.759" classname="test.computer.BuyingCheapComputerTest"/>
  <system-out/>
  <testcase name="testCheapComputerBuying" time="27.794" classname="test.computer.BuyingCheapComputerTest"/>
  <system-out/>
  <testcase name="testCheapComputerBuying" time="91.875" classname="test.computer.BuyingCheapComputerTest"/>
  <system-out/>
</testsuite> <!-- test.computer.BuyingCheapComputerTest -->
